2020/08/05 10:00:54 {"callers":["/Users/liuhuan/Documents/Go/go-programming-tour-book/blog-server/main.go 29 main.init.0"],"level":"info","message":"Ryan: go-programming-tour-book/blog-server","time":1596592854467355000}
2020/08/05 10:08:20 {"callers":["/Users/liuhuan/Documents/Go/go-programming-tour-book/blog-server/main.go 29 main.init.0"],"level":"info","message":"Ryan: go-programming-tour-book/blog-server","time":1596593300147556000}
2020/08/05 10:08:36 {"callers":["/Users/liuhuan/Documents/Go/go-programming-tour-book/blog-server/main.go 29 main.init.0"],"level":"info","message":"Ryan: go-programming-tour-book/blog-server","time":1596593316280109000}
2020/08/05 10:08:42 {"callers":["/Users/liuhuan/Documents/Go/go-programming-tour-book/blog-server/main.go 29 main.init.0"],"level":"info","message":"Ryan: go-programming-tour-book/blog-server","time":1596593322628966000}
2020/08/05 10:08:50 {"callers":["/Users/liuhuan/Documents/Go/go-programming-tour-book/blog-server/main.go 29 main.init.0"],"level":"info","message":"Ryan: go-programming-tour-book/blog-server","time":1596593330473128000}
2020/08/05 11:15:15 {"callers":["/Users/liuhuan/Documents/Go/go-programming-tour-book/blog-server/main.go 29 main.init.0"],"level":"info","message":"Ryan: go-programming-tour-book/blog-server","time":1596597315958231000}
2020/08/05 11:36:27 {"callers":["/Users/liuhuan/Documents/Go/go-programming-tour-book/blog-server/main.go 29 main.init.0"],"level":"info","message":"Ryan: go-programming-tour-book/blog-server","time":1596598587716740000}
2020/08/05 11:41:35 {"callers":["/Users/liuhuan/Documents/Go/go-programming-tour-book/blog-server/main.go 29 main.init.0"],"level":"info","message":"Ryan: go-programming-tour-book/blog-server","time":1596598895487721000}
2020/08/05 12:23:39 {"callers":["/Users/liuhuan/Documents/Go/go-programming-tour-book/blog-server/main.go 29 main.init.0"],"level":"info","message":"Ryan: go-programming-tour-book/blog-server","time":1596601419808068000}
2020/08/05 12:31:47 {"callers":["/Users/liuhuan/Documents/Go/go-programming-tour-book/blog-server/main.go 29 main.init.0"],"level":"info","message":"Ryan: go-programming-tour-book/blog-server","time":1596601907492468000}
2020/08/05 15:28:49 {"callers":["/Users/liuhuan/Documents/Go/go-programming-tour-book/blog-server/main.go 29 main.init.0"],"level":"info","message":"Ryan: go-programming-tour-book/blog-server","time":1596612529798800000}
2020/08/05 15:29:28 {"callers":["/Users/liuhuan/Documents/Go/go-programming-tour-book/blog-server/main.go 29 main.init.0"],"level":"error","message":"app.BindAndValid errs: State必须是[0 1]中的一个","time":1596612568642749000}
2020/08/05 15:30:55 {"callers":["/Users/liuhuan/Documents/Go/go-programming-tour-book/blog-server/main.go 29 main.init.0"],"level":"error","message":"app.BindAndValid errs: State必须是[0 1]中的一个","time":1596612655931901000}
2020/08/05 15:33:15 {"callers":["/Users/liuhuan/Documents/Go/go-programming-tour-book/blog-server/main.go 29 main.init.0"],"level":"info","message":"Ryan: go-programming-tour-book/blog-server","time":1596612795715572000}
2020/08/05 15:33:25 {"callers":["/Users/liuhuan/Documents/Go/go-programming-tour-book/blog-server/main.go 29 main.init.0"],"level":"error","message":"app.BindAndValid errs: State必须是[0 1]中的一个","time":1596612805434709000}
2020/08/05 17:45:10 {"callers":["/Users/liuhuan/Documents/Go/go-programming-tour-book/blog-server/main.go 29 main.init.0"],"level":"info","message":"Ryan: go-programming-tour-book/blog-server","time":1596620710674564000}
2020/08/06 14:33:44 {"callers":["/Users/liuhuan/Documents/Go/go-programming-tour-book/blog-server/main.go 29 main.init.0"],"level":"info","message":"Ryan: go-programming-tour-book/blog-server","time":1596695624818432000}
2020/08/06 14:34:03 {"callers":["/Users/liuhuan/Documents/Go/go-programming-tour-book/blog-server/main.go 29 main.init.0"],"level":"error","message":"app.BindAndValid errs: ","time":1596695643976567000}
2020/08/06 14:35:21 {"callers":["/Users/liuhuan/Documents/Go/go-programming-tour-book/blog-server/main.go 29 main.init.0"],"level":"error","message":"svc.CreateTag err: Error 1054: Unknown column 'created_by' in 'field list'","time":1596695721331110000}
2020/08/06 14:36:17 {"callers":["/Users/liuhuan/Documents/Go/go-programming-tour-book/blog-server/main.go 29 main.init.0"],"level":"error","message":"svc.CreateTag err: Error 1054: Unknown column 'created_by' in 'field list'","time":1596695777967423000}
2020/08/06 14:36:57 {"callers":["/Users/liuhuan/Documents/Go/go-programming-tour-book/blog-server/main.go 29 main.init.0"],"level":"error","message":"svc.CreateTag err: Error 1054: Unknown column 'created_by' in 'field list'","time":1596695817586928000}
2020/08/06 14:40:48 {"callers":["/Users/liuhuan/Documents/Go/go-programming-tour-book/blog-server/main.go 29 main.init.0"],"level":"info","message":"Ryan: go-programming-tour-book/blog-server","time":1596696048923556000}
2020/08/06 14:40:55 {"callers":["/Users/liuhuan/Documents/Go/go-programming-tour-book/blog-server/main.go 29 main.init.0"],"level":"error","message":"app.BindAndValid errs: ","time":1596696055223756000}
2020/08/06 14:41:07 {"callers":["/Users/liuhuan/Documents/Go/go-programming-tour-book/blog-server/main.go 29 main.init.0"],"level":"error","message":"app.BindAndValid errs: ","time":1596696067735047000}
2020/08/06 14:41:19 {"callers":["/Users/liuhuan/Documents/Go/go-programming-tour-book/blog-server/main.go 29 main.init.0"],"level":"error","message":"app.BindAndValid errs: ","time":1596696079044010000}
2020/08/06 14:42:22 {"callers":["/Users/liuhuan/Documents/Go/go-programming-tour-book/blog-server/main.go 29 main.init.0"],"level":"info","message":"Ryan: go-programming-tour-book/blog-server","time":1596696142261001000}
2020/08/06 14:42:27 {"callers":["/Users/liuhuan/Documents/Go/go-programming-tour-book/blog-server/main.go 29 main.init.0"],"level":"error","message":"app.BindAndValid errs: ","time":1596696147026037000}
2020/08/06 14:42:35 {"callers":["/Users/liuhuan/Documents/Go/go-programming-tour-book/blog-server/main.go 29 main.init.0"],"level":"error","message":"app.BindAndValid errs: ","time":1596696155443902000}
2020/08/06 14:59:34 {"callers":["/Users/liuhuan/Documents/Go/go-programming-tour-book/blog-server/main.go 29 main.init.0"],"level":"info","message":"Ryan: go-programming-tour-book/blog-server","time":1596697174040786000}
2020/08/06 14:59:37 {"callers":["/Users/liuhuan/Documents/Go/go-programming-tour-book/blog-server/main.go 29 main.init.0"],"level":"error","message":"app.BindAndValid errs: ","time":1596697177305767000}
2020/08/06 15:02:49 {"callers":["/Users/liuhuan/Documents/Go/go-programming-tour-book/blog-server/main.go 29 main.init.0"],"level":"info","message":"Ryan: go-programming-tour-book/blog-server","time":1596697369950643000}
2020/08/06 15:02:55 {"callers":["/Users/liuhuan/Documents/Go/go-programming-tour-book/blog-server/main.go 29 main.init.0"],"level":"error","message":"app.BindAndValid errs: ","time":1596697375415701000}
2020/08/06 15:09:06 {"callers":["/Users/liuhuan/Documents/Go/go-programming-tour-book/blog-server/main.go 29 main.init.0"],"level":"info","message":"Ryan: go-programming-tour-book/blog-server","time":1596697746586053000}
2020/08/06 15:09:12 {"callers":["/Users/liuhuan/Documents/Go/go-programming-tour-book/blog-server/main.go 29 main.init.0"],"level":"error","message":"app.BindAndValid errs: ","time":1596697752319276000}
2020/08/06 17:57:47 {"callers":["/Users/liuhuan/Documents/Go/go-programming-tour-book/blog-server/main.go 29 main.init.0"],"level":"info","message":"Ryan: go-programming-tour-book/blog-server","time":1596707867003686000}
2020/08/06 17:57:58 {"callers":["/Users/liuhuan/Documents/Go/go-programming-tour-book/blog-server/main.go 29 main.init.0"],"level":"error","message":"app.BindAndValid errs: ","time":1596707878211300000}
2020/08/06 17:58:04 {"callers":["/Users/liuhuan/Documents/Go/go-programming-tour-book/blog-server/main.go 29 main.init.0"],"level":"error","message":"app.BindAndValid errs: ","time":1596707884058507000}
2020/08/06 17:58:16 {"callers":["/Users/liuhuan/Documents/Go/go-programming-tour-book/blog-server/main.go 29 main.init.0"],"level":"error","message":"app.BindAndValid errs: ","time":1596707896891275000}
2020/08/06 17:58:28 {"callers":["/Users/liuhuan/Documents/Go/go-programming-tour-book/blog-server/main.go 29 main.init.0"],"level":"error","message":"app.BindAndValid errs: ","time":1596707908288868000}
2020/08/06 18:01:57 {"callers":["/Users/liuhuan/Documents/Go/go-programming-tour-book/blog-server/main.go 29 main.init.0"],"level":"info","message":"Ryan: go-programming-tour-book/blog-server","time":1596708117758948000}
2020/08/06 18:02:00 {"callers":["/Users/liuhuan/Documents/Go/go-programming-tour-book/blog-server/main.go 29 main.init.0"],"level":"error","message":"app.BindAndValid errs: ","time":1596708120988662000}
2020/08/06 18:02:18 {"callers":["/Users/liuhuan/Documents/Go/go-programming-tour-book/blog-server/main.go 29 main.init.0"],"level":"error","message":"app.BindAndValid errs: ","time":1596708138632062000}
2020/08/06 18:03:06 {"callers":["/Users/liuhuan/Documents/Go/go-programming-tour-book/blog-server/main.go 29 main.init.0"],"level":"error","message":"app.BindAndValid errs: ","time":1596708186205954000}
2020/08/06 18:04:47 {"callers":["/Users/liuhuan/Documents/Go/go-programming-tour-book/blog-server/main.go 29 main.init.0"],"level":"info","message":"Ryan: go-programming-tour-book/blog-server","time":1596708287215507000}
2020/08/06 18:04:58 {"callers":["/Users/liuhuan/Documents/Go/go-programming-tour-book/blog-server/main.go 29 main.init.0"],"level":"error","message":"app.BindAndValid errs: ","time":1596708298888448000}
2020/08/06 18:08:04 {"callers":["/Users/liuhuan/Documents/Go/go-programming-tour-book/blog-server/main.go 29 main.init.0"],"level":"error","message":"app.BindAndValid errs: ","time":1596708484801836000}
2020/08/06 18:09:59 {"callers":["/Users/liuhuan/Documents/Go/go-programming-tour-book/blog-server/main.go 29 main.init.0"],"level":"error","message":"app.BindAndValid errs: ","time":1596708599875784000}
2020/08/06 18:18:55 {"callers":["/Users/liuhuan/Documents/Go/go-programming-tour-book/blog-server/main.go 29 main.init.0"],"level":"error","message":"svc.CreateTag err: Error 1054: Unknown column 'created_by' in 'field list'","time":1596709135951552000}
2020/08/06 18:20:34 {"callers":["/Users/liuhuan/Documents/Go/go-programming-tour-book/blog-server/main.go 29 main.init.0"],"level":"error","message":"svc.CreateTag err: Error 1054: Unknown column 'created_by' in 'field list'","time":1596709234103794000}
2020/08/06 18:21:01 {"callers":["/Users/liuhuan/Documents/Go/go-programming-tour-book/blog-server/main.go 29 main.init.0"],"level":"error","message":"svc.CreateTag err: Error 1054: Unknown column 'created_by' in 'field list'","time":1596709261902944000}
2020/08/06 18:30:18 {"callers":["/Users/liuhuan/Documents/Go/go-programming-tour-book/blog-server/main.go 29 main.init.0"],"level":"error","message":"svc.CreateTag err: Error 1054: Unknown column 'created_by' in 'field list'","time":1596709818498767000}
2020/08/07 09:23:03 {"callers":["/Users/liuhuan/Documents/Go/go-programming-tour-book/blog-server/main.go 29 main.init.0"],"level":"error","message":"svc.CreateTag err: Error 1054: Unknown column 'created_by' in 'field list'","time":1596763383406042000}
2020/08/07 09:44:17 {"callers":["/Users/liuhuan/Documents/Go/go-programming-tour-book/blog-server/main.go 29 main.init.0"],"level":"error","message":"svc.CreateTag err: Error 1054: Unknown column 'modified_by' in 'field list'","time":1596764657444978000}
2020/08/07 21:54:28 {"callers":["/Users/liuhuan/Documents/Go/go-programming-tour-book/blog-server/main.go 29 main.init.0"],"level":"error","message":"app.BindAndValid errs: Content为必填字段,CoverImageUrl必须是一个有效的URL,CreatedBy为必填字段","time":1596808468584879000}
2020/08/07 21:56:00 {"callers":["/Users/liuhuan/Documents/Go/go-programming-tour-book/blog-server/main.go 29 main.init.0"],"level":"error","message":"app.BindAndValid errs: Content为必填字段,CoverImageUrl为必填字段,CreatedBy为必填字段,TagID为必填字段,Title为必填字段,Desc为必填字段","time":1596808560026810000}
2020/08/07 21:57:04 {"callers":["/Users/liuhuan/Documents/Go/go-programming-tour-book/blog-server/main.go 29 main.init.0"],"level":"error","message":"app.BindAndValid errs: CreatedBy为必填字段","time":1596808624655418000}
2020/08/07 21:59:47 {"callers":["/Users/liuhuan/Documents/Go/go-programming-tour-book/blog-server/main.go 29 main.init.0"],"level":"error","message":"app.BindAndValid errs: ","time":1596808787602596000}
2020/08/07 22:00:28 {"callers":["/Users/liuhuan/Documents/Go/go-programming-tour-book/blog-server/main.go 29 main.init.0"],"level":"error","message":"app.BindAndValid errs: TagID为必填字段","time":1596808828979424000}
2020/08/07 22:00:50 {"callers":["/Users/liuhuan/Documents/Go/go-programming-tour-book/blog-server/main.go 29 main.init.0"],"level":"error","message":"app.BindAndValid errs: Title长度必须至少为2个字符","time":1596808850406247000}
2020/08/07 22:01:29 {"callers":["/Users/liuhuan/Documents/Go/go-programming-tour-book/blog-server/main.go 29 main.init.0"],"level":"error","message":"app.BindAndValid errs: Title长度必须至少为2个字符","time":1596808889816447000}
2020/08/07 22:03:22 {"callers":["/Users/liuhuan/Documents/Go/go-programming-tour-book/blog-server/main.go 29 main.init.0"],"level":"error","message":"app.BindAndValid errs: TagID必须大于或等于1","time":1596809002073377000}
2020/08/07 22:12:32 {"callers":["/Users/liuhuan/Documents/Go/go-programming-tour-book/blog-server/main.go 29 main.init.0"],"level":"error","message":"svc.GetArticle err: record not found","time":1596809552332899000}
2020/08/07 22:12:32 {"callers":["/Users/liuhuan/Documents/Go/go-programming-tour-book/blog-server/main.go 29 main.init.0"],"level":"error","message":"svc.GetArticle err: record not found","time":1596809552339117000}
2020/08/07 22:13:04 {"callers":["/Users/liuhuan/Documents/Go/go-programming-tour-book/blog-server/main.go 29 main.init.0"],"level":"error","message":"svc.GetArticle err: record not found","time":1596809584668378000}
2020/08/07 22:13:32 {"callers":["/Users/liuhuan/Documents/Go/go-programming-tour-book/blog-server/main.go 29 main.init.0"],"level":"error","message":"svc.GetArticle err: record not found","time":1596809612529628000}
2020/08/07 22:13:34 {"callers":["/Users/liuhuan/Documents/Go/go-programming-tour-book/blog-server/main.go 29 main.init.0"],"level":"error","message":"svc.GetArticle err: record not found","time":1596809614754597000}
2020/08/07 22:30:32 {"callers":["/Users/liuhuan/Documents/Go/go-programming-tour-book/blog-server/main.go 29 main.init.0"],"level":"error","message":"svc.GetArticle err: record not found","time":1596810632031687000}
2020/08/07 22:31:06 {"callers":["/Users/liuhuan/Documents/Go/go-programming-tour-book/blog-server/main.go 29 main.init.0"],"level":"error","message":"app.BindAndValid errs: TagID必须大于或等于1","time":1596810666301291000}
2020/08/07 22:31:17 {"callers":["/Users/liuhuan/Documents/Go/go-programming-tour-book/blog-server/main.go 29 main.init.0"],"level":"error","message":"svc.GetArticleList err: Error 1064: You have an error in your SQL syntax; check the manual that corresponds to your MySQL server version for the right syntax to use near 'tag_id` = ? and at.state = ? and ar.is_del = ?)' at line 1","time":1596810677942927000}
2020/08/07 22:37:44 {"callers":["/Users/liuhuan/Documents/Go/go-programming-tour-book/blog-server/main.go 29 main.init.0"],"level":"error","message":"svc.GetArticleList err: Error 1064: You have an error in your SQL syntax; check the manual that corresponds to your MySQL server version for the right syntax to use near 'tag_id` = ? and at.state = ? and ar.is_del = ?)' at line 1","time":1596811064883994000}
2020/08/07 22:46:25 {"callers":["/Users/liuhuan/Documents/Go/go-programming-tour-book/blog-server/main.go 29 main.init.0"],"level":"error","message":"svc.GetArticleList err: Error 1064: You have an error in your SQL syntax; check the manual that corresponds to your MySQL server version for the right syntax to use near 'tag_id` = ? and at.state = ? and ar.is_del = ?)' at line 1","time":1596811585776613000}
2020/08/07 22:48:18 {"callers":["/Users/liuhuan/Documents/Go/go-programming-tour-book/blog-server/main.go 29 main.init.0"],"level":"error","message":"app.BindAndValid errs: TagID必须大于或等于1","time":1596811698626232000}
2020/08/07 22:48:28 {"callers":["/Users/liuhuan/Documents/Go/go-programming-tour-book/blog-server/main.go 29 main.init.0"],"level":"error","message":"svc.GetArticleList err: Error 1064: You have an error in your SQL syntax; check the manual that corresponds to your MySQL server version for the right syntax to use near 'tag_id` = ? and at.state = ? and ar.is_del = ?)' at line 1","time":1596811708181238000}
2020/08/07 22:48:31 {"callers":["/Users/liuhuan/Documents/Go/go-programming-tour-book/blog-server/main.go 29 main.init.0"],"level":"error","message":"svc.GetArticleList err: Error 1064: You have an error in your SQL syntax; check the manual that corresponds to your MySQL server version for the right syntax to use near 'tag_id` = ? and at.state = ? and ar.is_del = ?)' at line 1","time":1596811711640079000}
2020/08/07 22:48:34 {"callers":["/Users/liuhuan/Documents/Go/go-programming-tour-book/blog-server/main.go 29 main.init.0"],"level":"error","message":"svc.GetArticleList err: Error 1064: You have an error in your SQL syntax; check the manual that corresponds to your MySQL server version for the right syntax to use near 'tag_id` = ? and at.state = ? and ar.is_del = ?)' at line 1","time":1596811714828352000}
2020/08/07 22:48:38 {"callers":["/Users/liuhuan/Documents/Go/go-programming-tour-book/blog-server/main.go 29 main.init.0"],"level":"error","message":"svc.GetArticleList err: Error 1064: You have an error in your SQL syntax; check the manual that corresponds to your MySQL server version for the right syntax to use near 'tag_id` = ? and at.state = ? and ar.is_del = ?)' at line 1","time":1596811718152304000}
2020/08/08 12:05:52 {"callers":["/Users/liuhuan/Documents/Go/go-programming-tour-book/blog-server/main.go 29 main.init.0"],"level":"error","message":"svc.UploadFile err: file suffix is not supported","time":1596859552266700000}
2020/08/08 12:06:53 {"callers":["/Users/liuhuan/Documents/Go/go-programming-tour-book/blog-server/main.go 29 main.init.0"],"level":"error","message":"svc.UploadFile err: file suffix is not supported","time":1596859613749881000}
2020/08/08 12:08:38 {"callers":["/Users/liuhuan/Documents/Go/go-programming-tour-book/blog-server/main.go 29 main.init.0"],"level":"error","message":"svc.UploadFile err: open storage/uploads/dc5c7986daef50c1e02ab09b442ee34f.jpg: no such file or directory","time":1596859718160950000}
2020/08/08 12:09:20 {"callers":["/Users/liuhuan/Documents/Go/go-programming-tour-book/blog-server/main.go 29 main.init.0"],"level":"error","message":"svc.UploadFile err: open storage/uploads/dc5c7986daef50c1e02ab09b442ee34f.jpg: no such file or directory","time":1596859760534285000}
2020/08/08 16:00:20 {"callers":["/Users/liuhuan/Documents/Go/go-programming-tour-book/blog-server/main.go 29 main.init.0"],"level":"error","message":"app.BindAndValid errs: AppKey为必填字段,AppSecret为必填字段","time":1596873620955627000}
2020/08/08 16:02:00 {"callers":["/Users/liuhuan/Documents/Go/go-programming-tour-book/blog-server/main.go 29 main.init.0"],"level":"error","message":"app.BindAndValid errs: AppSecret为必填字段,AppKey为必填字段","time":1596873720575919000}
2020/08/09 20:19:35 {"callers":["/Users/liuhuan/Documents/Go/go-programming-tour-book/blog-server/main.go 29 main.init.0"],"level":"error","message":"app.BindAndValid errs: AppKey为必填字段,AppSecret为必填字段","time":1596975575165578000}
2020/08/09 20:19:41 {"callers":["/Users/liuhuan/Documents/Go/go-programming-tour-book/blog-server/main.go 29 main.init.0"],"level":"error","message":"app.BindAndValid errs: AppKey为必填字段,AppSecret为必填字段","time":1596975581267753000}
2020/08/09 20:19:43 {"callers":["/Users/liuhuan/Documents/Go/go-programming-tour-book/blog-server/main.go 29 main.init.0"],"level":"error","message":"app.BindAndValid errs: AppKey为必填字段,AppSecret为必填字段","time":1596975583298431000}
2020/08/09 21:38:09 {"callers":["/Users/liuhuan/Documents/Go/go-programming-tour-book/blog-server/main.go 29 main.init.0"],"level":"error","message":"app.BindAndValid errs: AppKey为必填字段,AppSecret为必填字段","time":1596980289788942000}
2020/08/09 21:38:39 {"callers":["/Users/liuhuan/Documents/Go/go-programming-tour-book/blog-server/main.go 29 main.init.0"],"level":"error","message":"app.BindAndValid errs: AppSecret为必填字段,AppKey为必填字段","time":1596980319059480000}
2020/08/09 21:43:30 {"callers":["/Users/liuhuan/Documents/Go/go-programming-tour-book/blog-server/main.go 29 main.init.0"],"level":"error","message":"svc.CheckAuth err: auth info does not exist","time":1596980610713934000}
2020/08/10 09:57:14 {"callers":["/Users/liuhuan/Documents/Go/go-programming-tour-book/blog-server/main.go 30 main.init.0"],"level":"error","message":"svc.CheckAuth err: auth info does not exist","span_id":"","time":1597024634127960000,"trace_id":"487c575db8722067"}
2020/08/10 09:57:14 {"callers":["/Users/liuhuan/Documents/Go/go-programming-tour-book/blog-server/main.go 30 main.init.0"],"level":"error","message":"svc.CheckAuth err: auth info does not exist","span_id":"","time":1597024634756405000,"trace_id":"68646b5ed2604599"}
2020/08/10 09:57:48 {"callers":["/Users/liuhuan/Documents/Go/go-programming-tour-book/blog-server/main.go 30 main.init.0"],"level":"error","message":"svc.CheckAuth err: auth info does not exist","span_id":"","time":1597024668992380000,"trace_id":"2a8e841f51c19339"}
2020/08/10 10:09:25 {"callers":["/Users/liuhuan/Documents/Go/go-programming-tour-book/blog-server/main.go 30 main.init.0"],"level":"error","message":"svc.CheckAuth err: auth info does not exist","span_id":"1d982c6c19fae20","time":1597025365637270000,"trace_id":"1d982c6c19fae20"}
2020/08/10 10:12:56 {"callers":["/Users/liuhuan/Documents/Go/go-programming-tour-book/blog-server/main.go 30 main.init.0"],"level":"error","message":"svc.CheckAuth err: auth info does not exist","span_id":"29e76cbc27d8cd9a","time":1597025576225765000,"trace_id":"29e76cbc27d8cd9a"}
2020/08/10 10:16:47 {"callers":["/Users/liuhuan/Documents/Go/go-programming-tour-book/blog-server/main.go 30 main.init.0"],"level":"error","message":"svc.CheckAuth err: auth info does not exist","span_id":"26df01ae682e06c7","time":1597025807740774000,"trace_id":"26df01ae682e06c7"}
